 1        1   (0)      1 :  0.0230 0.9770 
 2        2   (0)      1 :  0.0120 0.9880 
 3        3   (0)      1 :  0.0230 0.9770 
 4        4   (0)      1 :  0.0800 0.9200 
 5        5   (0)      1 :  0.0240 0.9760 
 6        6   (0)      1 :  0.0120 0.9880 
 7        7   (0)      1 :  0.0190 0.9810 
 8        8   (0)      1 :  0.0200 0.9800 
 9        9   (0)      1 :  0.0120 0.9880 
10       10   (0)      1 :  0.0120 0.9880 
11       11   (0)      1 :  0.0120 0.9880 
12       12   (0)      1 :  0.7830 0.2170 
13       13   (0)      1 :  0.8820 0.1180 
14       14   (0)      1 :  0.9560 0.0440 
15       15   (0)      1 :  0.9570 0.0430 
16       16   (0)      1 :  0.0120 0.9880 
17       17   (0)      1 :  0.0120 0.9880 
18       18   (0)      1 :  0.4560 0.5440 
19       19   (0)      1 :  0.6210 0.3790 
20       20   (0)      1 :  0.1180 0.8820 
21       21   (0)      1 :  0.0200 0.9800 
22       22   (0)      1 :  0.6060 0.3940 
23       23   (0)      1 :  0.4420 0.5580 
24       24   (0)      1 :  0.9550 0.0450 
25       25   (0)      1 :  0.9430 0.0570 
26       26   (0)      1 :  0.9880 0.0120 
27       27   (0)      1 :  0.9100 0.0900 
28       28   (0)      1 :  0.9880 0.0120 
29       29   (0)      1 :  0.9090 0.0910 
30       30   (0)      1 :  0.9830 0.0170 
31       31   (0)      1 :  0.4430 0.5570 
32       32   (0)      1 :  0.7380 0.2620 
33       33   (0)      1 :  0.9880 0.0120 
34       34   (0)      1 :  0.7930 0.2070 
35       35   (0)      1 :  0.7770 0.2230 
36       36   (0)      1 :  0.5020 0.4980 
37       37   (0)      1 :  0.9830 0.0170 
38       38  (11)      1 :  0.9870 0.0130 
39       39  (11)      1 :  0.9860 0.0140 
40       40   (0)      1 :  0.9880 0.0120 
41       41   (0)      1 :  0.9880 0.0120 
42       42   (0)      1 :  0.5640 0.4360 
43       43   (0)      1 :  0.8670 0.1330 
44       44   (0)      1 :  0.7430 0.2570 
45       45  (11)      1 :  0.4320 0.5680 
46       46   (0)      1 :  0.9180 0.0820 
47       47   (0)      1 :  0.9880 0.0120 
48       48   (0)      1 :  0.9820 0.0180 
49       49   (0)      1 :  0.9880 0.0120 
50       50   (0)      1 :  0.9830 0.0170 
51       51   (0)      1 :  0.9830 0.0170 
52       52   (0)      1 :  0.9470 0.0530 
53       53   (0)      1 :  0.9880 0.0120 
54       54   (0)      1 :  0.9830 0.0170 
55       55   (0)      1 :  0.8110 0.1890 
