 1        1   (0)      1 :  0.9760 0.0240 
 2        2   (0)      1 :  0.9880 0.0120 
 3        3   (0)      1 :  0.9760 0.0240 
 4        4   (0)      1 :  0.9210 0.0790 
 5        5   (0)      1 :  0.9770 0.0230 
 6        6   (0)      1 :  0.9880 0.0120 
 7        7   (0)      1 :  0.9800 0.0200 
 8        8   (0)      1 :  0.9800 0.0200 
 9        9   (0)      1 :  0.9880 0.0120 
10       10   (0)      1 :  0.9880 0.0120 
11       11   (0)      1 :  0.9880 0.0120 
12       12   (0)      1 :  0.2170 0.7830 
13       13   (0)      1 :  0.1170 0.8830 
14       14   (0)      1 :  0.0450 0.9550 
15       15   (0)      1 :  0.0430 0.9570 
16       16   (0)      1 :  0.9880 0.0120 
17       17   (0)      1 :  0.9880 0.0120 
18       18   (0)      1 :  0.5460 0.4540 
19       19   (0)      1 :  0.3770 0.6230 
20       20   (0)      1 :  0.8830 0.1170 
21       21   (0)      1 :  0.9800 0.0200 
22       22   (0)      1 :  0.3930 0.6070 
23       23   (0)      1 :  0.5590 0.4410 
24       24   (0)      1 :  0.0450 0.9550 
25       25   (0)      1 :  0.0580 0.9420 
26       26   (0)      1 :  0.0120 0.9880 
27       27   (0)      1 :  0.0910 0.9090 
28       28   (0)      1 :  0.0120 0.9880 
29       29   (0)      1 :  0.0900 0.9100 
30       30   (0)      1 :  0.0170 0.9830 
31       31   (0)      1 :  0.5590 0.4410 
32       32   (0)      1 :  0.2630 0.7370 
33       33   (0)      1 :  0.0120 0.9880 
34       34   (0)      1 :  0.2090 0.7910 
35       35   (0)      1 :  0.2230 0.7770 
36       36   (0)      1 :  0.4990 0.5010 
37       37   (0)      1 :  0.0170 0.9830 
38       38  (11)      1 :  0.0130 0.9870 
39       39  (11)      1 :  0.0140 0.9860 
40       40   (0)      1 :  0.0120 0.9880 
41       41   (0)      1 :  0.0120 0.9880 
42       42   (0)      1 :  0.4370 0.5630 
43       43   (0)      1 :  0.1340 0.8660 
44       44   (0)      1 :  0.2550 0.7450 
45       45  (11)      1 :  0.5660 0.4340 
46       46   (0)      1 :  0.0820 0.9180 
47       47   (0)      1 :  0.0120 0.9880 
48       48   (0)      1 :  0.0170 0.9830 
49       49   (0)      1 :  0.0120 0.9880 
50       50   (0)      1 :  0.0170 0.9830 
51       51   (0)      1 :  0.0170 0.9830 
52       52   (0)      1 :  0.0520 0.9480 
53       53   (0)      1 :  0.0120 0.9880 
54       54   (0)      1 :  0.0170 0.9830 
55       55   (0)      1 :  0.1900 0.8100 
