1        1   (0)      1  : 0.0240 0.9760
2        2   (0)      1  : 0.0120 0.9880
3        3   (0)      1  : 0.0240 0.9760
4        4   (0)      1  : 0.0790 0.9210
5        5   (0)      1  : 0.0230 0.9770
6        6   (0)      1  : 0.0120 0.9880
7        7   (0)      1  : 0.0200 0.9800
8        8   (0)      1  : 0.0200 0.9800
9        9   (0)      1  : 0.0120 0.9880
10       10   (0)      1  : 0.0120 0.9880
11       11   (0)      1  : 0.0120 0.9880
12       12   (0)      1  : 0.7830 0.2170
13       13   (0)      1  : 0.8830 0.1170
14       14   (0)      1  : 0.9550 0.0450
15       15   (0)      1  : 0.9570 0.0430
16       16   (0)      1  : 0.0120 0.9880
17       17   (0)      1  : 0.0120 0.9880
18       18   (0)      1  : 0.4540 0.5460
19       19   (0)      1  : 0.6230 0.3770
20       20   (0)      1  : 0.1170 0.8830
21       21   (0)      1  : 0.0200 0.9800
22       22   (0)      1  : 0.6070 0.3930
23       23   (0)      1  : 0.4410 0.5590
24       24   (0)      1  : 0.9550 0.0450
25       25   (0)      1  : 0.9420 0.0580
26       26   (0)      1  : 0.9880 0.0120
27       27   (0)      1  : 0.9090 0.0910
28       28   (0)      1  : 0.9880 0.0120
29       29   (0)      1  : 0.9100 0.0900
30       30   (0)      1  : 0.9830 0.0170
31       31   (0)      1  : 0.4410 0.5590
32       32   (0)      1  : 0.7370 0.2630
33       33   (0)      1  : 0.9880 0.0120
34       34   (0)      1  : 0.7910 0.2090
35       35   (0)      1  : 0.7770 0.2230
36       36   (0)      1  : 0.5010 0.4990
37       37   (0)      1  : 0.9830 0.0170
38       38  (11)      1  : 0.9870 0.0130
39       39  (11)      1  : 0.9860 0.0140
40       40   (0)      1  : 0.9880 0.0120
41       41   (0)      1  : 0.9880 0.0120
42       42   (0)      1  : 0.5630 0.4370
43       43   (0)      1  : 0.8660 0.1340
44       44   (0)      1  : 0.7450 0.2550
45       45  (11)      1  : 0.4340 0.5660
46       46   (0)      1  : 0.9180 0.0820
47       47   (0)      1  : 0.9880 0.0120
48       48   (0)      1  : 0.9830 0.0170
49       49   (0)      1  : 0.9880 0.0120
50       50   (0)      1  : 0.9830 0.0170
51       51   (0)      1  : 0.9830 0.0170
52       52   (0)      1  : 0.9480 0.0520
53       53   (0)      1  : 0.9880 0.0120
54       54   (0)      1  : 0.9830 0.0170
55       55   (0)      1  : 0.8100 0.1900
